{"/Users/paulguo/Develop/Inc/dist/inc.js":{"path":"/Users/paulguo/Develop/Inc/dist/inc.js","s":{"1":1,"2":1,"3":2,"4":0,"5":2,"6":2,"7":1,"8":1,"9":1,"10":1,"11":1,"12":5,"13":0,"14":0,"15":0,"16":5,"17":1,"18":1,"19":4,"20":4,"21":4,"22":4,"23":0,"24":0,"25":4,"26":4,"27":0,"28":0,"29":0,"30":0,"31":0,"32":0,"33":0,"34":0,"35":0,"36":0,"37":0,"38":0,"39":6,"40":6,"41":6,"42":0,"43":6,"44":6,"45":6,"46":1,"47":1,"48":6,"49":0,"50":0,"51":0,"52":0,"53":0,"54":0,"55":0,"56":0,"57":5,"58":5,"59":5,"60":5,"61":0,"62":1,"63":1,"64":1,"65":1,"66":1},"b":{"1":[0,2],"2":[1,0],"3":[0,5],"4":[0,0],"5":[1,4],"6":[1,0],"7":[4,1],"8":[4,0],"9":[4,3],"10":[0,0],"11":[0,0],"12":[4,0,0,4],"13":[4,4],"14":[0,0],"15":[0,0],"16":[0,0],"17":[0,0,0],"18":[0,0],"19":[0,0],"20":[6,6,6],"21":[0,6],"22":[0,0],"23":[6,0],"24":[5,1],"25":[1,4],"26":[5,1],"27":[1,1,1],"28":[6,6,5],"29":[5,2],"30":[0,0],"31":[0,0],"32":[0,0],"33":[0,0,0],"34":[0,0,0],"35":[0,0],"36":[0,0],"37":[5,0],"38":[0,5],"39":[5,0],"40":[1,0],"41":[1,0,0]},"f":{"1":1,"2":2,"3":1,"4":1,"5":5,"6":0,"7":4,"8":0,"9":0,"10":6,"11":6,"12":1,"13":1,"14":6,"15":0,"16":0,"17":5,"18":0,"19":1,"20":1},"fnMap":{"1":{"name":"(anonymous_1)","line":1,"loc":{"start":{"line":1,"column":1},"end":{"line":1,"column":12}}},"2":{"name":"o","line":1,"loc":{"start":{"line":1,"column":13},"end":{"line":1,"column":26}}},"3":{"name":"(anonymous_3)","line":1,"loc":{"start":{"line":1,"column":200},"end":{"line":1,"column":215}}},"4":{"name":"(anonymous_4)","line":1,"loc":{"start":{"line":1,"column":256},"end":{"line":1,"column":280}}},"5":{"name":"(anonymous_5)","line":1,"loc":{"start":{"line":1,"column":441},"end":{"line":1,"column":458}}},"6":{"name":"(anonymous_6)","line":1,"loc":{"start":{"line":1,"column":502},"end":{"line":1,"column":512}}},"7":{"name":"(anonymous_7)","line":1,"loc":{"start":{"line":1,"column":987},"end":{"line":1,"column":997}}},"8":{"name":"(anonymous_8)","line":1,"loc":{"start":{"line":1,"column":1155},"end":{"line":1,"column":1165}}},"9":{"name":"(anonymous_9)","line":1,"loc":{"start":{"line":1,"column":1250},"end":{"line":1,"column":1261}}},"10":{"name":"(anonymous_10)","line":1,"loc":{"start":{"line":1,"column":1582},"end":{"line":1,"column":1595}}},"11":{"name":"(anonymous_11)","line":1,"loc":{"start":{"line":1,"column":1613},"end":{"line":1,"column":1623}}},"12":{"name":"(anonymous_12)","line":1,"loc":{"start":{"line":1,"column":1807},"end":{"line":1,"column":1818}}},"13":{"name":"(anonymous_13)","line":1,"loc":{"start":{"line":1,"column":1826},"end":{"line":1,"column":1836}}},"14":{"name":"(anonymous_14)","line":1,"loc":{"start":{"line":1,"column":2021},"end":{"line":1,"column":2034}}},"15":{"name":"(anonymous_15)","line":1,"loc":{"start":{"line":1,"column":2097},"end":{"line":1,"column":2108}}},"16":{"name":"(anonymous_16)","line":1,"loc":{"start":{"line":1,"column":2343},"end":{"line":1,"column":2356}}},"17":{"name":"(anonymous_17)","line":1,"loc":{"start":{"line":1,"column":2455},"end":{"line":1,"column":2465}}},"18":{"name":"(anonymous_18)","line":1,"loc":{"start":{"line":1,"column":2611},"end":{"line":1,"column":2621}}},"19":{"name":"(anonymous_19)","line":1,"loc":{"start":{"line":1,"column":2672},"end":{"line":1,"column":2682}}},"20":{"name":"(anonymous_20)","line":1,"loc":{"start":{"line":1,"column":2694},"end":{"line":1,"column":2704}}}},"statementMap":{"1":{"start":{"line":1,"column":0},"end":{"line":1,"column":3119}},"2":{"start":{"line":1,"column":13},"end":{"line":1,"column":158}},"3":{"start":{"line":1,"column":27},"end":{"line":1,"column":55}},"4":{"start":{"line":1,"column":35},"end":{"line":1,"column":55}},"5":{"start":{"line":1,"column":55},"end":{"line":1,"column":94}},"6":{"start":{"line":1,"column":94},"end":{"line":1,"column":157}},"7":{"start":{"line":1,"column":158},"end":{"line":1,"column":167}},"8":{"start":{"line":1,"column":167},"end":{"line":1,"column":197}},"9":{"start":{"line":1,"column":216},"end":{"line":1,"column":227}},"10":{"start":{"line":1,"column":227},"end":{"line":1,"column":254}},"11":{"start":{"line":1,"column":281},"end":{"line":1,"column":2997}},"12":{"start":{"line":1,"column":459},"end":{"line":1,"column":1230}},"13":{"start":{"line":1,"column":474},"end":{"line":1,"column":537}},"14":{"start":{"line":1,"column":479},"end":{"line":1,"column":537}},"15":{"start":{"line":1,"column":513},"end":{"line":1,"column":533}},"16":{"start":{"line":1,"column":543},"end":{"line":1,"column":1230}},"17":{"start":{"line":1,"column":557},"end":{"line":1,"column":577}},"18":{"start":{"line":1,"column":562},"end":{"line":1,"column":577}},"19":{"start":{"line":1,"column":583},"end":{"line":1,"column":597}},"20":{"start":{"line":1,"column":597},"end":{"line":1,"column":674}},"21":{"start":{"line":1,"column":674},"end":{"line":1,"column":957}},"22":{"start":{"line":1,"column":686},"end":{"line":1,"column":786}},"23":{"start":{"line":1,"column":791},"end":{"line":1,"column":957}},"24":{"start":{"line":1,"column":804},"end":{"line":1,"column":957}},"25":{"start":{"line":1,"column":957},"end":{"line":1,"column":1229}},"26":{"start":{"line":1,"column":998},"end":{"line":1,"column":1143}},"27":{"start":{"line":1,"column":1166},"end":{"line":1,"column":1201}},"28":{"start":{"line":1,"column":1262},"end":{"line":1,"column":1559}},"29":{"start":{"line":1,"column":1298},"end":{"line":1,"column":1309}},"30":{"start":{"line":1,"column":1309},"end":{"line":1,"column":1558}},"31":{"start":{"line":1,"column":1332},"end":{"line":1,"column":1451}},"32":{"start":{"line":1,"column":1350},"end":{"line":1,"column":1442}},"33":{"start":{"line":1,"column":1442},"end":{"line":1,"column":1450}},"34":{"start":{"line":1,"column":1451},"end":{"line":1,"column":1461}},"35":{"start":{"line":1,"column":1461},"end":{"line":1,"column":1485}},"36":{"start":{"line":1,"column":1485},"end":{"line":1,"column":1522}},"37":{"start":{"line":1,"column":1527},"end":{"line":1,"column":1558}},"38":{"start":{"line":1,"column":1559},"end":{"line":1,"column":1567}},"39":{"start":{"line":1,"column":1596},"end":{"line":1,"column":1638}},"40":{"start":{"line":1,"column":1624},"end":{"line":1,"column":1636}},"41":{"start":{"line":1,"column":1638},"end":{"line":1,"column":1666}},"42":{"start":{"line":1,"column":1646},"end":{"line":1,"column":1666}},"43":{"start":{"line":1,"column":1666},"end":{"line":1,"column":2015}},"44":{"start":{"line":1,"column":1694},"end":{"line":1,"column":1716}},"45":{"start":{"line":1,"column":1716},"end":{"line":1,"column":2014}},"46":{"start":{"line":1,"column":1819},"end":{"line":1,"column":1876}},"47":{"start":{"line":1,"column":1837},"end":{"line":1,"column":1875}},"48":{"start":{"line":1,"column":2035},"end":{"line":1,"column":2090}},"49":{"start":{"line":1,"column":2109},"end":{"line":1,"column":2334}},"50":{"start":{"line":1,"column":2122},"end":{"line":1,"column":2334}},"51":{"start":{"line":1,"column":2145},"end":{"line":1,"column":2334}},"52":{"start":{"line":1,"column":2177},"end":{"line":1,"column":2196}},"53":{"start":{"line":1,"column":2196},"end":{"line":1,"column":2237}},"54":{"start":{"line":1,"column":2228},"end":{"line":1,"column":2237}},"55":{"start":{"line":1,"column":2237},"end":{"line":1,"column":2333}},"56":{"start":{"line":1,"column":2357},"end":{"line":1,"column":2449}},"57":{"start":{"line":1,"column":2466},"end":{"line":1,"column":2497}},"58":{"start":{"line":1,"column":2497},"end":{"line":1,"column":2547}},"59":{"start":{"line":1,"column":2533},"end":{"line":1,"column":2547}},"60":{"start":{"line":1,"column":2547},"end":{"line":1,"column":2659}},"61":{"start":{"line":1,"column":2622},"end":{"line":1,"column":2639}},"62":{"start":{"line":1,"column":2683},"end":{"line":1,"column":2849}},"63":{"start":{"line":1,"column":2705},"end":{"line":1,"column":2751}},"64":{"start":{"line":1,"column":2751},"end":{"line":1,"column":2771}},"65":{"start":{"line":1,"column":2849},"end":{"line":1,"column":2995}},"66":{"start":{"line":1,"column":2997},"end":{"line":1,"column":3115}}},"branchMap":{"1":{"line":1,"type":"if","locations":[{"start":{"line":1,"column":27},"end":{"line":1,"column":27}},{"start":{"line":1,"column":27},"end":{"line":1,"column":27}}]},"2":{"line":1,"type":"binary-expr","locations":[{"start":{"line":1,"column":297},"end":{"line":1,"column":310}},{"start":{"line":1,"column":312},"end":{"line":1,"column":352}}]},"3":{"line":1,"type":"if","locations":[{"start":{"line":1,"column":459},"end":{"line":1,"column":459}},{"start":{"line":1,"column":459},"end":{"line":1,"column":459}}]},"4":{"line":1,"type":"if","locations":[{"start":{"line":1,"column":474},"end":{"line":1,"column":474}},{"start":{"line":1,"column":474},"end":{"line":1,"column":474}}]},"5":{"line":1,"type":"if","locations":[{"start":{"line":1,"column":543},"end":{"line":1,"column":543}},{"start":{"line":1,"column":543},"end":{"line":1,"column":543}}]},"6":{"line":1,"type":"if","locations":[{"start":{"line":1,"column":557},"end":{"line":1,"column":557}},{"start":{"line":1,"column":557},"end":{"line":1,"column":557}}]},"7":{"line":1,"type":"binary-expr","locations":[{"start":{"line":1,"column":623},"end":{"line":1,"column":624}},{"start":{"line":1,"column":626},"end":{"line":1,"column":673}}]},"8":{"line":1,"type":"if","locations":[{"start":{"line":1,"column":674},"end":{"line":1,"column":674}},{"start":{"line":1,"column":674},"end":{"line":1,"column":674}}]},"9":{"line":1,"type":"binary-expr","locations":[{"start":{"line":1,"column":769},"end":{"line":1,"column":770}},{"start":{"line":1,"column":773},"end":{"line":1,"column":784}}]},"10":{"line":1,"type":"if","locations":[{"start":{"line":1,"column":791},"end":{"line":1,"column":791}},{"start":{"line":1,"column":791},"end":{"line":1,"column":791}}]},"11":{"line":1,"type":"binary-expr","locations":[{"start":{"line":1,"column":949},"end":{"line":1,"column":950}},{"start":{"line":1,"column":952},"end":{"line":1,"column":955}}]},"12":{"line":1,"type":"binary-expr","locations":[{"start":{"line":1,"column":998},"end":{"line":1,"column":1013}},{"start":{"line":1,"column":1015},"end":{"line":1,"column":1041}},{"start":{"line":1,"column":1043},"end":{"line":1,"column":1071}},{"start":{"line":1,"column":1074},"end":{"line":1,"column":1142}}]},"13":{"line":1,"type":"binary-expr","locations":[{"start":{"line":1,"column":1101},"end":{"line":1,"column":1102}},{"start":{"line":1,"column":1104},"end":{"line":1,"column":1107}}]},"14":{"line":1,"type":"binary-expr","locations":[{"start":{"line":1,"column":1180},"end":{"line":1,"column":1181}},{"start":{"line":1,"column":1183},"end":{"line":1,"column":1186}}]},"15":{"line":1,"type":"if","locations":[{"start":{"line":1,"column":1309},"end":{"line":1,"column":1309}},{"start":{"line":1,"column":1309},"end":{"line":1,"column":1309}}]},"16":{"line":1,"type":"if","locations":[{"start":{"line":1,"column":1332},"end":{"line":1,"column":1332}},{"start":{"line":1,"column":1332},"end":{"line":1,"column":1332}}]},"17":{"line":1,"type":"binary-expr","locations":[{"start":{"line":1,"column":1350},"end":{"line":1,"column":1377}},{"start":{"line":1,"column":1379},"end":{"line":1,"column":1391}},{"start":{"line":1,"column":1393},"end":{"line":1,"column":1441}}]},"18":{"line":1,"type":"binary-expr","locations":[{"start":{"line":1,"column":1485},"end":{"line":1,"column":1486}},{"start":{"line":1,"column":1489},"end":{"line":1,"column":1521}}]},"19":{"line":1,"type":"binary-expr","locations":[{"start":{"line":1,"column":1527},"end":{"line":1,"column":1547}},{"start":{"line":1,"column":1549},"end":{"line":1,"column":1558}}]},"20":{"line":1,"type":"binary-expr","locations":[{"start":{"line":1,"column":1624},"end":{"line":1,"column":1628}},{"start":{"line":1,"column":1630},"end":{"line":1,"column":1631}},{"start":{"line":1,"column":1633},"end":{"line":1,"column":1636}}]},"21":{"line":1,"type":"if","locations":[{"start":{"line":1,"column":1638},"end":{"line":1,"column":1638}},{"start":{"line":1,"column":1638},"end":{"line":1,"column":1638}}]},"22":{"line":1,"type":"binary-expr","locations":[{"start":{"line":1,"column":1658},"end":{"line":1,"column":1659}},{"start":{"line":1,"column":1661},"end":{"line":1,"column":1664}}]},"23":{"line":1,"type":"cond-expr","locations":[{"start":{"line":1,"column":1740},"end":{"line":1,"column":2001}},{"start":{"line":1,"column":2003},"end":{"line":1,"column":2013}}]},"24":{"line":1,"type":"cond-expr","locations":[{"start":{"line":1,"column":1762},"end":{"line":1,"column":1920}},{"start":{"line":1,"column":1922},"end":{"line":1,"column":2000}}]},"25":{"line":1,"type":"cond-expr","locations":[{"start":{"line":1,"column":1787},"end":{"line":1,"column":1881}},{"start":{"line":1,"column":1882},"end":{"line":1,"column":1920}}]},"26":{"line":1,"type":"binary-expr","locations":[{"start":{"line":1,"column":1762},"end":{"line":1,"column":1768}},{"start":{"line":1,"column":1770},"end":{"line":1,"column":1786}}]},"27":{"line":1,"type":"binary-expr","locations":[{"start":{"line":1,"column":1922},"end":{"line":1,"column":1929}},{"start":{"line":1,"column":1931},"end":{"line":1,"column":1943}},{"start":{"line":1,"column":1945},"end":{"line":1,"column":1996}}]},"28":{"line":1,"type":"binary-expr","locations":[{"start":{"line":1,"column":2035},"end":{"line":1,"column":2036}},{"start":{"line":1,"column":2038},"end":{"line":1,"column":2039}},{"start":{"line":1,"column":2042},"end":{"line":1,"column":2089}}]},"29":{"line":1,"type":"binary-expr","locations":[{"start":{"line":1,"column":2042},"end":{"line":1,"column":2060}},{"start":{"line":1,"column":2063},"end":{"line":1,"column":2073}}]},"30":{"line":1,"type":"if","locations":[{"start":{"line":1,"column":2109},"end":{"line":1,"column":2109}},{"start":{"line":1,"column":2109},"end":{"line":1,"column":2109}}]},"31":{"line":1,"type":"if","locations":[{"start":{"line":1,"column":2145},"end":{"line":1,"column":2145}},{"start":{"line":1,"column":2145},"end":{"line":1,"column":2145}}]},"32":{"line":1,"type":"if","locations":[{"start":{"line":1,"column":2196},"end":{"line":1,"column":2196}},{"start":{"line":1,"column":2196},"end":{"line":1,"column":2196}}]},"33":{"line":1,"type":"binary-expr","locations":[{"start":{"line":1,"column":2237},"end":{"line":1,"column":2243}},{"start":{"line":1,"column":2245},"end":{"line":1,"column":2252}},{"start":{"line":1,"column":2255},"end":{"line":1,"column":2268}}]},"34":{"line":1,"type":"binary-expr","locations":[{"start":{"line":1,"column":2270},"end":{"line":1,"column":2279}},{"start":{"line":1,"column":2281},"end":{"line":1,"column":2291}},{"start":{"line":1,"column":2294},"end":{"line":1,"column":2313}}]},"35":{"line":1,"type":"cond-expr","locations":[{"start":{"line":1,"column":2385},"end":{"line":1,"column":2394}},{"start":{"line":1,"column":2395},"end":{"line":1,"column":2449}}]},"36":{"line":1,"type":"cond-expr","locations":[{"start":{"line":1,"column":2416},"end":{"line":1,"column":2428}},{"start":{"line":1,"column":2429},"end":{"line":1,"column":2449}}]},"37":{"line":1,"type":"if","locations":[{"start":{"line":1,"column":2497},"end":{"line":1,"column":2497}},{"start":{"line":1,"column":2497},"end":{"line":1,"column":2497}}]},"38":{"line":1,"type":"cond-expr","locations":[{"start":{"line":1,"column":2587},"end":{"line":1,"column":2641}},{"start":{"line":1,"column":2642},"end":{"line":1,"column":2659}}]},"39":{"line":1,"type":"binary-expr","locations":[{"start":{"line":1,"column":2547},"end":{"line":1,"column":2561}},{"start":{"line":1,"column":2563},"end":{"line":1,"column":2586}}]},"40":{"line":1,"type":"binary-expr","locations":[{"start":{"line":1,"column":2849},"end":{"line":1,"column":2853}},{"start":{"line":1,"column":2856},"end":{"line":1,"column":2945}}]},"41":{"line":1,"type":"binary-expr","locations":[{"start":{"line":1,"column":2947},"end":{"line":1,"column":2965}},{"start":{"line":1,"column":2967},"end":{"line":1,"column":2981}},{"start":{"line":1,"column":2983},"end":{"line":1,"column":2995}}]}}}}
